Processing Congress #105 (weighted)
Distribution:
[[  11.  196.]
 [ 178.   10.]]
Entropy: [ 0.299589    0.29980251]
Average entropy: 0.299695756409

Processing Congress #106 (weighted)
Distribution:
[[  17.  206.]
 [ 197.   16.]]
Entropy: [ 0.38876547  0.38473681]
Average entropy: 0.386751142518

Processing Congress #107 (weighted)
Distribution:
[[ 217.   13.]
 [  16.  236.]]
Entropy: [ 0.3134799   0.34115389]
Average entropy: 0.327316898618

Processing Congress #108 (weighted)
Distribution:
[[  18.  266.]
 [ 236.   13.]]
Entropy: [ 0.34071973  0.29570685]
Average entropy: 0.318213290216

Processing Congress #109 (weighted)
Distribution:
[[  26.  269.]
 [ 221.   14.]]
Entropy: [ 0.43021586  0.3257534 ]
Average entropy: 0.377984628786

Processing Congress #110 (weighted)
Distribution:
[[ 255.   11.]
 [  31.  235.]]
Entropy: [ 0.24846336  0.51933669]
Average entropy: 0.383900025222

Processing Congress #111 (weighted)
Distribution:
[[ 294.    9.]
 [  20.  210.]]
Entropy: [ 0.19290007  0.42622866]
Average entropy: 0.309564365789

Processing Congress #112 (weighted)
Distribution:
[[ 228.    9.]
 [  16.  277.]]
Entropy: [ 0.23292786  0.3056559 ]
Average entropy: 0.269291877138

Processing Congress #113 (weighted)
Distribution:
[[ 248.   10.]
 [  11.  270.]]
Entropy: [ 0.23657622  0.23836241]
Average entropy: 0.237469316932

Processing Congress #114 (weighted)
Distribution:
[[  15.  293.]
 [ 219.    7.]]
Entropy: [ 0.28085434  0.19925042]
Average entropy: 0.240052381041

