Processing Congress #105
Distribution:
[[ 177.   12.]
 [  12.  194.]]
Entropy: [ 0.34115389  0.32046829]
Average entropy: 0.330811090278

Processing Congress #106
Distribution:
[[  20.  210.]
 [ 194.   12.]]
Entropy: [ 0.42622866  0.32046829]
Average entropy: 0.373348472205

Processing Congress #107
Distribution:
[[ 218.   17.]
 [  15.  232.]]
Entropy: [ 0.37459758  0.330331  ]
Average entropy: 0.352464288866

Processing Congress #108
Distribution:
[[  21.  270.]
 [ 233.    9.]]
Entropy: [ 0.37395137  0.22925705]
Average entropy: 0.301604209587

Processing Congress #109
Distribution:
[[  27.  273.]
 [ 220.   10.]]
Entropy: [ 0.43646982  0.25801867]
Average entropy: 0.347244242864

Processing Congress #110
Distribution:
[[  41.  238.]
 [ 245.    8.]]
Entropy: [ 0.60216339  0.20245486]
Average entropy: 0.402309125128

Processing Congress #111
Distribution:
[[ 289.    8.]
 [  25.  211.]]
Entropy: [ 0.17878538  0.48752299]
Average entropy: 0.333154183887

Processing Congress #112
Distribution:
[[  18.  276.]
 [ 226.   10.]]
Entropy: [ 0.33228663  0.25306794]
Average entropy: 0.292677283744

Processing Congress #113
Distribution:
[[ 247.    6.]
 [  12.  274.]]
Entropy: [ 0.16182171  0.25119882]
Average entropy: 0.206510264465

Processing Congress #114
Distribution:
[[  12.  274.]
 [ 247.    6.]]
Entropy: [ 0.25119882  0.16182171]
Average entropy: 0.206510264465

